2016/01/24 18:35:23 INFO  - jmeter.util.JMeterUtils: Setting Locale to pl_PL 
2016/01/24 18:35:24 INFO  - jmeter.util.JMeterUtils: Could not find resources for 'pl_PL', using 'pl' 
2016/01/24 18:35:24 INFO  - jmeter.JMeter: Loading user properties from: D:\ORW\Lab7ORWtestapki\jmeter\apache-jmeter-2.13\bin\user.properties 
2016/01/24 18:35:24 INFO  - jmeter.JMeter: Loading system properties from: D:\ORW\Lab7ORWtestapki\jmeter\apache-jmeter-2.13\bin\system.properties 
2016/01/24 18:35:24 INFO  - jmeter.JMeter: Copyright (c) 1998-2015 The Apache Software Foundation 
2016/01/24 18:35:24 INFO  - jmeter.JMeter: Version 2.13 r1665067 
2016/01/24 18:35:24 INFO  - jmeter.JMeter: java.version=1.8.0_71 
2016/01/24 18:35:24 INFO  - jmeter.JMeter: java.vm.name=Java HotSpot(TM) Client VM 
2016/01/24 18:35:24 INFO  - jmeter.JMeter: os.name=Windows 8.1 
2016/01/24 18:35:24 INFO  - jmeter.JMeter: os.arch=x86 
2016/01/24 18:35:24 INFO  - jmeter.JMeter: os.version=6.3 
2016/01/24 18:35:24 INFO  - jmeter.JMeter: file.encoding=Cp1250 
2016/01/24 18:35:24 INFO  - jmeter.JMeter: Default Locale=polski (Polska) 
2016/01/24 18:35:24 INFO  - jmeter.JMeter: JMeter  Locale=polski (Polska) 
2016/01/24 18:35:24 INFO  - jmeter.JMeter: JMeterHome=D:\ORW\Lab7ORWtestapki\jmeter\apache-jmeter-2.13 
2016/01/24 18:35:24 INFO  - jmeter.JMeter: user.dir  =D:\ORW\Lab7ORWtestapki\jmeter\apache-jmeter-2.13\bin 
2016/01/24 18:35:24 INFO  - jmeter.JMeter: PWD       =D:\ORW\Lab7ORWtestapki\jmeter\apache-jmeter-2.13\bin 
2016/01/24 18:35:24 INFO  - jmeter.JMeter: IP: 192.168.0.10 Name: Kamil FullName: Kamil 
2016/01/24 18:35:25 INFO  - jmeter.gui.action.LookAndFeelCommand: Using look and feel: javax.swing.plaf.metal.MetalLookAndFeel [Metal, CrossPlatform] 
2016/01/24 18:35:25 INFO  - jmeter.JMeter: Loaded icon properties from org/apache/jmeter/images/icon.properties 
2016/01/24 18:35:27 INFO  - jmeter.engine.util.CompoundVariable: Note: Function class names must contain the string: '.functions.' 
2016/01/24 18:35:27 INFO  - jmeter.engine.util.CompoundVariable: Note: Function class names must not contain the string: '.gui.' 
2016/01/24 18:35:30 INFO  - jmeter.util.BSFTestElement: Registering JMeter version of JavaScript engine as work-round for BSF-22 
2016/01/24 18:35:31 INFO  - jmeter.protocol.http.sampler.HTTPSamplerBase: Cannot find .className property for htmlParser, using default 
2016/01/24 18:35:31 INFO  - jmeter.protocol.http.sampler.HTTPSamplerBase: Parser for text/html is  
2016/01/24 18:35:31 INFO  - jmeter.protocol.http.sampler.HTTPSamplerBase: Parser for application/xhtml+xml is  
2016/01/24 18:35:31 INFO  - jmeter.protocol.http.sampler.HTTPSamplerBase: Parser for application/xml is  
2016/01/24 18:35:31 INFO  - jmeter.protocol.http.sampler.HTTPSamplerBase: Parser for text/xml is  
2016/01/24 18:35:31 INFO  - jmeter.protocol.http.sampler.HTTPSamplerBase: Parser for text/vnd.wap.wml is org.apache.jmeter.protocol.http.parser.RegexpHTMLParser 
2016/01/24 18:35:31 INFO  - jmeter.gui.util.MenuFactory: Skipping org.apache.jmeter.protocol.http.control.gui.WebServiceSamplerGui 
2016/01/24 18:35:31 INFO  - jmeter.gui.util.MenuFactory: Skipping org.apache.jmeter.protocol.http.modifier.gui.ParamModifierGui 
2016/01/24 18:35:33 INFO  - jorphan.exec.KeyToolUtils: keytool found at 'C:\Program Files (x86)\Java\jre1.8.0_71\bin\keytool' 
2016/01/24 18:35:33 INFO  - jmeter.protocol.http.proxy.ProxyControl: HTTP(S) Test Script Recorder SSL Proxy will use keys that support embedded 3rd party resources in file D:\ORW\Lab7ORWtestapki\jmeter\apache-jmeter-2.13\bin\proxyserver.jks 
2016/01/24 18:35:34 INFO  - jmeter.samplers.SampleResult: Note: Sample TimeStamps are START times 
2016/01/24 18:35:34 INFO  - jmeter.samplers.SampleResult: sampleresult.default.encoding is set to ISO-8859-1 
2016/01/24 18:35:34 INFO  - jmeter.samplers.SampleResult: sampleresult.useNanoTime=true 
2016/01/24 18:35:34 INFO  - jmeter.samplers.SampleResult: sampleresult.nanoThreadSleep=5000 
2016/01/24 18:35:52 INFO  - jmeter.services.FileServer: Default base='D:\ORW\Lab7ORWtestapki\jmeter\apache-jmeter-2.13\bin' 
2016/01/24 18:35:52 INFO  - jmeter.gui.action.Load: Loading file: D:\ORW\Lab7ORWtestapki\Plan testów.jmx 
2016/01/24 18:35:52 INFO  - jmeter.services.FileServer: Set new base='D:\ORW\Lab7ORWtestapki' 
2016/01/24 18:35:52 INFO  - jmeter.save.SaveService: Testplan (JMX) version: 2.2. Testlog (JTL) version: 2.2 
2016/01/24 18:35:52 INFO  - jmeter.save.SaveService: Using SaveService properties file encoding UTF-8 
2016/01/24 18:35:52 INFO  - jmeter.save.SaveService: Using SaveService properties file version 1656252 
2016/01/24 18:35:52 INFO  - jmeter.save.SaveService: Using SaveService properties version 2.8 
2016/01/24 18:35:52 INFO  - jmeter.save.SaveService: All converter versions present and correct 
2016/01/24 18:35:52 INFO  - jmeter.save.SaveService: Loading file: D:\ORW\Lab7ORWtestapki\Plan testów.jmx 
2016/01/24 18:35:52 INFO  - jmeter.services.FileServer: Set new base='D:\ORW\Lab7ORWtestapki' 
2016/01/24 18:36:24 INFO  - jmeter.engine.StandardJMeterEngine: Listeners will be started after enabling running version 
2016/01/24 18:36:24 INFO  - jmeter.engine.StandardJMeterEngine: To revert to the earlier behaviour, define jmeterengine.startlistenerslater=false 
2016/01/24 18:36:24 INFO  - jmeter.engine.StandardJMeterEngine: Running the test! 
2016/01/24 18:36:24 INFO  - jmeter.samplers.SampleEvent: List of sample_variables: [] 
2016/01/24 18:36:24 INFO  - jmeter.samplers.SampleEvent: List of sample_variables: [] 
2016/01/24 18:36:24 INFO  - jmeter.gui.util.JMeterMenuBar: setRunning(true,*local*) 
2016/01/24 18:36:24 INFO  - jmeter.engine.StandardJMeterEngine: Starting ThreadGroup: 1 : Grupa w¹tków 
2016/01/24 18:36:24 INFO  - jmeter.engine.StandardJMeterEngine: Starting 5 threads for group Grupa w¹tków. 
2016/01/24 18:36:24 INFO  - jmeter.engine.StandardJMeterEngine: Thread will continue on error 
2016/01/24 18:36:24 INFO  - jmeter.threads.ThreadGroup: Starting thread group number 1 threads 5 ramp-up 1 perThread 200.0 delayedStart=false 
2016/01/24 18:36:24 INFO  - jmeter.threads.JMeterThread: jmeterthread.startearlier=true (see jmeter.properties) 
2016/01/24 18:36:24 INFO  - jmeter.threads.JMeterThread: Running PostProcessors in forward order 
2016/01/24 18:36:24 INFO  - jmeter.threads.ThreadGroup: Started thread group number 1 
2016/01/24 18:36:24 INFO  - jmeter.engine.StandardJMeterEngine: All thread groups have been started 
2016/01/24 18:36:24 INFO  - jmeter.threads.JMeterThread: Thread started: Grupa w¹tków 1-1 
2016/01/24 18:36:24 INFO  - jmeter.protocol.http.sampler.HTTPHCAbstractImpl: Local host = Kamil 
2016/01/24 18:36:24 INFO  - jmeter.protocol.http.sampler.HTTPHC4Impl: HTTP request retry count = 0 
2016/01/24 18:36:24 INFO  - jmeter.protocol.http.sampler.HTTPHC4Impl: Setting up HTTPS TrustAll scheme 
2016/01/24 18:36:24 INFO  - jmeter.util.JsseSSLManager: Using default SSL protocol: TLS 
2016/01/24 18:36:24 INFO  - jmeter.util.JsseSSLManager: SSL session context: per-thread 
2016/01/24 18:36:24 INFO  - jmeter.threads.JMeterThread: Thread started: Grupa w¹tków 1-2 
2016/01/24 18:36:25 INFO  - jmeter.threads.JMeterThread: Thread started: Grupa w¹tków 1-3 
2016/01/24 18:36:25 INFO  - jmeter.threads.JMeterThread: Thread started: Grupa w¹tków 1-4 
2016/01/24 18:36:25 INFO  - jmeter.threads.JMeterThread: Thread started: Grupa w¹tków 1-5 
2016/01/24 18:37:14 INFO  - jmeter.gui.action.Start: Stopping test 
2016/01/24 18:37:14 INFO  - jmeter.threads.JMeterThread: Stopping: Grupa w¹tków 1-3 
2016/01/24 18:37:14 WARN  - jmeter.threads.JMeterThread: Interrupting: Grupa w¹tków 1-3 sampler: 14 /api/overview-summary.html 
2016/01/24 18:37:14 INFO  - jmeter.threads.JMeterThread: Stopping: Grupa w¹tków 1-1 
2016/01/24 18:37:14 WARN  - jmeter.threads.JMeterThread: Interrupting: Grupa w¹tków 1-1 sampler: 13 /api/overview-frame.html 
2016/01/24 18:37:14 INFO  - jmeter.threads.JMeterThread: Stopping: Grupa w¹tków 1-2 
2016/01/24 18:37:14 WARN  - jmeter.threads.JMeterThread: Interrupting: Grupa w¹tków 1-2 sampler: 13 /api/overview-frame.html 
2016/01/24 18:37:14 INFO  - jmeter.threads.JMeterThread: Stopping: Grupa w¹tków 1-5 
2016/01/24 18:37:14 WARN  - jmeter.threads.JMeterThread: Interrupting: Grupa w¹tków 1-5 sampler: 1 /index.html 
2016/01/24 18:37:14 INFO  - jmeter.threads.JMeterThread: Stopping: Grupa w¹tków 1-4 
2016/01/24 18:37:14 WARN  - jmeter.threads.JMeterThread: Interrupting: Grupa w¹tków 1-4 sampler: 15 /api/allclasses-frame.html 
2016/01/24 18:37:14 WARN  - jmeter.util.JMeterUtils: Interrupted in thread Grupa w¹tków 1-3 java.lang.InterruptedException
	at java.lang.Object.wait(Native Method)
	at java.lang.Object.wait(Unknown Source)
	at java.awt.EventQueue.invokeAndWait(Unknown Source)
	at java.awt.EventQueue.invokeAndWait(Unknown Source)
	at javax.swing.SwingUtilities.invokeAndWait(Unknown Source)
	at org.apache.jmeter.util.JMeterUtils.runSafe(JMeterUtils.java:1322)
	at org.apache.jmeter.visualizers.SummaryReport.add(SummaryReport.java:182)
	at org.apache.jmeter.reporters.ResultCollector.sendToVisualizer(ResultCollector.java:595)
	at org.apache.jmeter.reporters.ResultCollector.sampleOccurred(ResultCollector.java:571)
	at org.apache.jmeter.threads.ListenerNotifier.notifyListeners(ListenerNotifier.java:84)
	at org.apache.jmeter.threads.JMeterThread.notifyListeners(JMeterThread.java:796)
	at org.apache.jmeter.threads.JMeterThread.process_sampler(JMeterThread.java:456)
	at org.apache.jmeter.threads.JMeterThread.run(JMeterThread.java:261)
	at java.lang.Thread.run(Unknown Source)

2016/01/24 18:37:14 INFO  - jmeter.threads.JMeterThread: Thread finished: Grupa w¹tków 1-3 
2016/01/24 18:37:14 WARN  - jmeter.util.JMeterUtils: Interrupted in thread Grupa w¹tków 1-4 java.lang.InterruptedException
	at java.lang.Object.wait(Native Method)
	at java.lang.Object.wait(Unknown Source)
	at java.awt.EventQueue.invokeAndWait(Unknown Source)
	at java.awt.EventQueue.invokeAndWait(Unknown Source)
	at javax.swing.SwingUtilities.invokeAndWait(Unknown Source)
	at org.apache.jmeter.util.JMeterUtils.runSafe(JMeterUtils.java:1322)
	at org.apache.jmeter.visualizers.SummaryReport.add(SummaryReport.java:182)
	at org.apache.jmeter.reporters.ResultCollector.sendToVisualizer(ResultCollector.java:595)
	at org.apache.jmeter.reporters.ResultCollector.sampleOccurred(ResultCollector.java:571)
	at org.apache.jmeter.threads.ListenerNotifier.notifyListeners(ListenerNotifier.java:84)
	at org.apache.jmeter.threads.JMeterThread.notifyListeners(JMeterThread.java:796)
	at org.apache.jmeter.threads.JMeterThread.process_sampler(JMeterThread.java:456)
	at org.apache.jmeter.threads.JMeterThread.run(JMeterThread.java:261)
	at java.lang.Thread.run(Unknown Source)

2016/01/24 18:37:14 INFO  - jmeter.threads.JMeterThread: Thread finished: Grupa w¹tków 1-4 
2016/01/24 18:37:14 WARN  - jmeter.util.JMeterUtils: Interrupted in thread Grupa w¹tków 1-5 java.lang.InterruptedException
	at java.lang.Object.wait(Native Method)
	at java.lang.Object.wait(Unknown Source)
	at java.awt.EventQueue.invokeAndWait(Unknown Source)
	at java.awt.EventQueue.invokeAndWait(Unknown Source)
	at javax.swing.SwingUtilities.invokeAndWait(Unknown Source)
	at org.apache.jmeter.util.JMeterUtils.runSafe(JMeterUtils.java:1322)
	at org.apache.jmeter.visualizers.SummaryReport.add(SummaryReport.java:182)
	at org.apache.jmeter.reporters.ResultCollector.sendToVisualizer(ResultCollector.java:595)
	at org.apache.jmeter.reporters.ResultCollector.sampleOccurred(ResultCollector.java:571)
	at org.apache.jmeter.threads.ListenerNotifier.notifyListeners(ListenerNotifier.java:84)
	at org.apache.jmeter.threads.JMeterThread.notifyListeners(JMeterThread.java:796)
	at org.apache.jmeter.threads.JMeterThread.process_sampler(JMeterThread.java:456)
	at org.apache.jmeter.threads.JMeterThread.run(JMeterThread.java:261)
	at java.lang.Thread.run(Unknown Source)

2016/01/24 18:37:14 INFO  - jmeter.threads.JMeterThread: Thread finished: Grupa w¹tków 1-5 
2016/01/24 18:37:14 WARN  - jmeter.util.JMeterUtils: Interrupted in thread Grupa w¹tków 1-2 java.lang.InterruptedException
	at java.lang.Object.wait(Native Method)
	at java.lang.Object.wait(Unknown Source)
	at java.awt.EventQueue.invokeAndWait(Unknown Source)
	at java.awt.EventQueue.invokeAndWait(Unknown Source)
	at javax.swing.SwingUtilities.invokeAndWait(Unknown Source)
	at org.apache.jmeter.util.JMeterUtils.runSafe(JMeterUtils.java:1322)
	at org.apache.jmeter.visualizers.SummaryReport.add(SummaryReport.java:182)
	at org.apache.jmeter.reporters.ResultCollector.sendToVisualizer(ResultCollector.java:595)
	at org.apache.jmeter.reporters.ResultCollector.sampleOccurred(ResultCollector.java:571)
	at org.apache.jmeter.threads.ListenerNotifier.notifyListeners(ListenerNotifier.java:84)
	at org.apache.jmeter.threads.JMeterThread.notifyListeners(JMeterThread.java:796)
	at org.apache.jmeter.threads.JMeterThread.process_sampler(JMeterThread.java:456)
	at org.apache.jmeter.threads.JMeterThread.run(JMeterThread.java:261)
	at java.lang.Thread.run(Unknown Source)

2016/01/24 18:37:14 WARN  - jmeter.util.JMeterUtils: Interrupted in thread Grupa w¹tków 1-1 java.lang.InterruptedException
	at java.lang.Object.wait(Native Method)
	at java.lang.Object.wait(Unknown Source)
	at java.awt.EventQueue.invokeAndWait(Unknown Source)
	at java.awt.EventQueue.invokeAndWait(Unknown Source)
	at javax.swing.SwingUtilities.invokeAndWait(Unknown Source)
	at org.apache.jmeter.util.JMeterUtils.runSafe(JMeterUtils.java:1322)
	at org.apache.jmeter.visualizers.SummaryReport.add(SummaryReport.java:182)
	at org.apache.jmeter.reporters.ResultCollector.sendToVisualizer(ResultCollector.java:595)
	at org.apache.jmeter.reporters.ResultCollector.sampleOccurred(ResultCollector.java:571)
	at org.apache.jmeter.threads.ListenerNotifier.notifyListeners(ListenerNotifier.java:84)
	at org.apache.jmeter.threads.JMeterThread.notifyListeners(JMeterThread.java:796)
	at org.apache.jmeter.threads.JMeterThread.process_sampler(JMeterThread.java:456)
	at org.apache.jmeter.threads.JMeterThread.run(JMeterThread.java:261)
	at java.lang.Thread.run(Unknown Source)

2016/01/24 18:37:14 INFO  - jmeter.threads.JMeterThread: Thread finished: Grupa w¹tków 1-1 
2016/01/24 18:37:14 INFO  - jmeter.threads.JMeterThread: Thread finished: Grupa w¹tków 1-2 
2016/01/24 18:37:14 INFO  - jmeter.engine.StandardJMeterEngine: Notifying test listeners of end of test 
2016/01/24 18:37:14 INFO  - jmeter.gui.util.JMeterMenuBar: setRunning(false,*local*) 
